2016-06-21T22:51:50.837-0700 I CONTROL  [initandlisten] MongoDB starting : pid=527 port=27017 dbpath=/Users/JinWoongYu/data/db 64-bit host=Jins-MacBook-Air.local
2016-06-21T22:51:50.838-0700 I CONTROL  [initandlisten] db version v3.2.7
2016-06-21T22:51:50.838-0700 I CONTROL  [initandlisten] git version: 4249c1d2b5999ebbf1fdf3bc0e0e3b3ff5c0aaf2
2016-06-21T22:51:50.838-0700 I CONTROL  [initandlisten] OpenSSL version: OpenSSL 0.9.8zh 14 Jan 2016
2016-06-21T22:51:50.838-0700 I CONTROL  [initandlisten] allocator: system
2016-06-21T22:51:50.838-0700 I CONTROL  [initandlisten] modules: none
2016-06-21T22:51:50.838-0700 I CONTROL  [initandlisten] build environment:
2016-06-21T22:51:50.838-0700 I CONTROL  [initandlisten]     distarch: x86_64
2016-06-21T22:51:50.838-0700 I CONTROL  [initandlisten]     target_arch: x86_64
2016-06-21T22:51:50.838-0700 I CONTROL  [initandlisten] options: { config: "/Users/JinWoongYu/Documents/mongodb/mongod.conf", storage: { dbPath: "/Users/JinWoongYu/data/db" }, systemLog: { destination: "file", logAppend: true, path: "/Users/JinWoongYu/Documents/mongodb/mongod.log" } }
2016-06-21T22:51:50.839-0700 I STORAGE  [initandlisten] wiredtiger_open config: create,cache_size=1G,session_max=20000,eviction=(threads_max=4),config_base=false,statistics=(fast),log=(enabled=true,archive=true,path=journal,compressor=snappy),file_manager=(close_idle_time=100000),checkpoint=(wait=60,log_size=2GB),statistics_log=(wait=0),
2016-06-21T22:51:51.356-0700 I CONTROL  [initandlisten] 
2016-06-21T22:51:51.356-0700 I CONTROL  [initandlisten] ** WARNING: soft rlimits too low. Number of files is 256, should be at least 1000
2016-06-21T22:51:51.385-0700 I NETWORK  [HostnameCanonicalizationWorker] Starting hostname canonicalization worker
2016-06-21T22:51:51.385-0700 I FTDC     [initandlisten] Initializing full-time diagnostic data capture with directory '/Users/JinWoongYu/data/db/diagnostic.data'
2016-06-21T22:51:51.634-0700 I NETWORK  [initandlisten] waiting for connections on port 27017
2016-06-21T22:52:13.561-0700 I NETWORK  [initandlisten] connection accepted from 127.0.0.1:49358 #1 (1 connection now open)
2016-06-21T22:53:22.124-0700 I NETWORK  [conn1] end connection 127.0.0.1:49358 (0 connections now open)
2016-06-21T22:54:24.786-0700 I CONTROL  [signalProcessingThread] got signal 2 (Interrupt: 2), will terminate after current cmd ends
2016-06-21T22:54:24.786-0700 I FTDC     [signalProcessingThread] Shutting down full-time diagnostic data capture
2016-06-21T22:54:24.789-0700 I CONTROL  [signalProcessingThread] now exiting
2016-06-21T22:54:24.789-0700 I NETWORK  [signalProcessingThread] shutdown: going to close listening sockets...
2016-06-21T22:54:24.789-0700 I NETWORK  [signalProcessingThread] closing listening socket: 6
2016-06-21T22:54:24.789-0700 I NETWORK  [signalProcessingThread] closing listening socket: 7
2016-06-21T22:54:24.790-0700 I NETWORK  [signalProcessingThread] removing socket file: /tmp/mongodb-27017.sock
2016-06-21T22:54:24.790-0700 I NETWORK  [signalProcessingThread] shutdown: going to flush diaglog...
2016-06-21T22:54:24.790-0700 I NETWORK  [signalProcessingThread] shutdown: going to close sockets...
2016-06-21T22:54:24.790-0700 I STORAGE  [signalProcessingThread] WiredTigerKVEngine shutting down
2016-06-21T22:54:25.112-0700 I STORAGE  [signalProcessingThread] shutdown: removing fs lock...
2016-06-21T22:54:25.112-0700 I CONTROL  [signalProcessingThread] dbexit:  rc: 0
